<?xml version="1.0" encoding="utf-8"?><testsuites name="pytest tests"><testsuite name="pytest" errors="0" failures="0" skipped="0" tests="5" time="1.654" timestamp="2026-06-25T20:16:57.649618+00:00" hostname="agent-env-8505e8ec-9729-4903-ba17-efb4f30d8131"><testcase classname="backend.tests.test_admin_delete_user.TestAdminDeleteUser" name="test_admin_login_ok" time="0.422" /><testcase classname="backend.tests.test_admin_delete_user.TestAdminDeleteUser" name="test_delete_without_auth_is_rejected" time="0.051" /><testcase classname="backend.tests.test_admin_delete_user.TestAdminDeleteUser" name="test_delete_nonexistent_user_returns_404" time="0.048" /><testcase classname="backend.tests.test_admin_delete_user.TestAdminDeleteUser" name="test_admin_cannot_delete_self" time="0.076" /><testcase classname="backend.tests.test_admin_delete_user.TestAdminDeleteUser" name="test_create_then_delete_user_success" time="0.986" /></testsuite></testsuites>