<?xml version="1.0" encoding="utf-8"?><testsuites name="pytest tests"><testsuite name="pytest" errors="0" failures="0" skipped="0" tests="8" time="2.477" timestamp="2026-06-26T03:13:33.957675+00:00" hostname="agent-env-8505e8ec-9729-4903-ba17-efb4f30d8131"><testcase classname="backend.tests.test_email_case_insensitive_verification.TestRegistrationLowercases" name="test_register_mixed_case_email_stored_lowercased" time="0.248" /><testcase classname="backend.tests.test_email_case_insensitive_verification.TestCaseInsensitiveAuthFlow" name="test_resend_verification_with_uppercase_email_does_not_404" time="0.272" /><testcase classname="backend.tests.test_email_case_insensitive_verification.TestCaseInsensitiveAuthFlow" name="test_resend_verification_for_nonexistent_email_still_404" time="0.003" /><testcase classname="backend.tests.test_email_case_insensitive_verification.TestCaseInsensitiveAuthFlow" name="test_verify_email_with_different_case_and_valid_code" time="0.272" /><testcase classname="backend.tests.test_email_case_insensitive_verification.TestCaseInsensitiveAuthFlow" name="test_resend_verification_after_already_verified" time="0.319" /><testcase classname="backend.tests.test_email_case_insensitive_verification.TestCaseInsensitiveAuthFlow" name="test_login_with_original_mixed_case_email" time="0.495" /><testcase classname="backend.tests.test_email_case_insensitive_verification.TestCaseInsensitiveAuthFlow" name="test_login_with_uppercase_email" time="0.494" /><testcase classname="backend.tests.test_email_case_insensitive_verification.TestCaseInsensitiveAuthFlow" name="test_duplicate_registration_different_case_is_rejected" time="0.271" /></testsuite></testsuites>