<?xml version="1.0" encoding="utf-8"?><testsuites name="pytest tests"><testsuite name="pytest" errors="0" failures="0" skipped="0" tests="5" time="37.738" timestamp="2026-07-05T04:45:16.589499+00:00" hostname="agent-env-8505e8ec-9729-4903-ba17-efb4f30d8131"><testcase classname="backend.tests.test_executor_profile_upsert.TestFreshProviderUpsert" name="test_put_creates_profile_on_first_save" time="36.669" /><testcase classname="backend.tests.test_executor_profile_upsert.TestFreshProviderUpsert" name="test_get_returns_saved_values" time="0.044" /><testcase classname="backend.tests.test_executor_profile_upsert.TestFreshProviderUpsert" name="test_second_put_updates_without_duplicating" time="0.048" /><testcase classname="backend.tests.test_executor_profile_upsert.TestExistingProviderRegression" name="test_existing_provider_can_update" time="0.437" /><testcase classname="backend.tests.test_executor_profile_upsert.TestMinimumHoursRegression" name="test_minimum_hours_saves_and_reads_back" time="0.438" /></testsuite></testsuites>