<?xml version="1.0" encoding="utf-8"?><testsuites name="pytest tests"><testsuite name="pytest" errors="0" failures="1" skipped="0" tests="15" time="4.715" timestamp="2026-06-28T23:04:05.706025+00:00" hostname="agent-env-8505e8ec-9729-4903-ba17-efb4f30d8131"><testcase classname="backend.tests.test_localization_backend.TestAuth" name="test_admin_login" time="0.584" /><testcase classname="backend.tests.test_localization_backend.TestAuth" name="test_client_login" time="0.366" /><testcase classname="backend.tests.test_localization_backend.TestAuth" name="test_provider_login" time="0.336" /><testcase classname="backend.tests.test_localization_backend.TestHelpCenter" name="test_faq_english" time="0.150" /><testcase classname="backend.tests.test_localization_backend.TestHelpCenter" name="test_support_info" time="0.141" /><testcase classname="backend.tests.test_localization_backend.TestHelpCenter" name="test_support_request_create" time="0.134" /><testcase classname="backend.tests.test_localization_backend.TestBlog" name="test_list_posts" time="0.129" /><testcase classname="backend.tests.test_localization_backend.TestBlog" name="test_create_get_like_comment_delete" time="0.909" /><testcase classname="backend.tests.test_localization_backend.TestPaymentMethods" name="test_methods_english" time="0.143" /><testcase classname="backend.tests.test_localization_backend.TestAdminCategories" name="test_list_seed_english" time="0.421"><failure message="AssertionError: Non-english category name: 'Інше'&#10;assert False&#10; +  where False = _is_english('Інше')">backend/tests/test_localization_backend.py:220: in test_list_seed_english
    assert _is_english(n), f"Non-english category name: {n!r}"
E   AssertionError: Non-english category name: 'Інше'
E   assert False
E    +  where False = _is_english('Інше')</failure></testcase><testcase classname="backend.tests.test_localization_backend.TestAdminCategories" name="test_create_update_delete_category" time="0.328" /><testcase classname="backend.tests.test_localization_backend.TestEarningsPDF" name="test_pdf_monthly" time="0.602" /><testcase classname="backend.tests.test_localization_backend.TestEarningsPDF" name="test_pdf_yearly" time="0.128" /><testcase classname="backend.tests.test_localization_backend.TestEarningsPDF" name="test_pdf_tax" time="0.136" /><testcase classname="backend.tests.test_localization_backend.TestCardValidation" name="test_invalid_card_english" time="0.138" /></testsuite></testsuites>