<?xml version="1.0" encoding="utf-8"?><testsuites name="pytest tests"><testsuite name="pytest" errors="0" failures="0" skipped="0" tests="12" time="6.620" timestamp="2026-07-02T19:05:37.085396+00:00" hostname="agent-env-8505e8ec-9729-4903-ba17-efb4f30d8131"><testcase classname="backend.tests.test_minimum_hours_billing.TestMinimumHoursProfilePersistence" name="test_put_and_get_my_profile[1.0]" time="0.849" /><testcase classname="backend.tests.test_minimum_hours_billing.TestMinimumHoursProfilePersistence" name="test_put_and_get_my_profile[1.5]" time="0.300" /><testcase classname="backend.tests.test_minimum_hours_billing.TestMinimumHoursProfilePersistence" name="test_put_and_get_my_profile[2.0]" time="0.353" /><testcase classname="backend.tests.test_minimum_hours_billing.TestMinimumHoursProfilePersistence" name="test_public_profile_returns_minimum_hours[1.0]" time="0.622" /><testcase classname="backend.tests.test_minimum_hours_billing.TestMinimumHoursProfilePersistence" name="test_public_profile_returns_minimum_hours[1.5]" time="0.272" /><testcase classname="backend.tests.test_minimum_hours_billing.TestMinimumHoursProfilePersistence" name="test_public_profile_returns_minimum_hours[2.0]" time="0.211" /><testcase classname="backend.tests.test_minimum_hours_billing.TestExecutorListingMinimumHours" name="test_listing_returns_minimum_hours_field" time="0.215" /><testcase classname="backend.tests.test_minimum_hours_billing.TestCompletionBilling" name="test_short_job_charges_full_minimum_15" time="0.826" /><testcase classname="backend.tests.test_minimum_hours_billing.TestCompletionBilling" name="test_short_job_charges_full_minimum_20" time="1.418" /><testcase classname="backend.tests.test_minimum_hours_billing.TestCompletionBilling" name="test_long_job_bills_actual_hours" time="0.850" /><testcase classname="backend.tests.test_minimum_hours_billing.TestBookingAndAddressRegression" name="test_booking_persists_state_unit_zip" time="0.210" /><testcase classname="backend.tests.test_minimum_hours_billing.TestBookingAndAddressRegression" name="test_saved_address_accepts_all_fields" time="0.439" /></testsuite></testsuites>