<?xml version="1.0" encoding="utf-8"?><testsuites name="pytest tests"><testsuite name="pytest" errors="0" failures="0" skipped="0" tests="6" time="3.295" timestamp="2026-07-01T18:13:25.244199+00:00" hostname="agent-env-8505e8ec-9729-4903-ba17-efb4f30d8131"><testcase classname="backend.tests.test_onofix_book_pro_flow.TestBookThisPro" name="test_create_booking_assigned_to_specific_provider" time="0.972" /><testcase classname="backend.tests.test_onofix_book_pro_flow.TestBookThisPro" name="test_provider_sees_pending_task" time="0.480" /><testcase classname="backend.tests.test_onofix_book_pro_flow.TestExecutorProfileEndpoints" name="test_get_profile_by_user_id_returns_200" time="1.191" /><testcase classname="backend.tests.test_onofix_book_pro_flow.TestExecutorProfileEndpoints" name="test_legacy_executors_id_profile_returns_404" time="0.171" /><testcase classname="backend.tests.test_onofix_book_pro_flow.TestExecutorProfileEndpoints" name="test_legacy_executors_id_returns_404" time="0.118" /><testcase classname="backend.tests.test_onofix_book_pro_flow.TestProviderReviews" name="test_reviews_endpoint_returns_200_shape" time="0.325" /></testsuite></testsuites>