<?xml version="1.0" encoding="utf-8"?><testsuites name="pytest tests"><testsuite name="pytest" errors="0" failures="0" skipped="0" tests="6" time="2.894" timestamp="2026-07-01T19:15:40.955355+00:00" hostname="agent-env-8505e8ec-9729-4903-ba17-efb4f30d8131"><testcase classname="backend.tests.test_photon_and_composed_address_booking.TestPhotonHousenumber" name="test_wellknown_illinois_numbered_returns_housenumber" time="1.013" /><testcase classname="backend.tests.test_photon_and_composed_address_booking.TestPhotonHousenumber" name="test_sparse_osm_address_lacks_housenumber_validates_frontend_fix" time="0.627" /><testcase classname="backend.tests.test_photon_and_composed_address_booking.TestPhotonStateRestriction" name="test_illinois_only_features" time="0.541" /><testcase classname="backend.tests.test_photon_and_composed_address_booking.TestBookingWithComposedAddress" name="test_get_provider_id" time="0.586" /><testcase classname="backend.tests.test_photon_and_composed_address_booking.TestBookingWithComposedAddress" name="test_create_booking_composed_address" time="0.050" /><testcase classname="backend.tests.test_photon_and_composed_address_booking.TestBookingWithComposedAddress" name="test_booking_readback_preserves_address" time="0.049" /></testsuite></testsuites>