<?xml version="1.0" encoding="utf-8"?><testsuites name="pytest tests"><testsuite name="pytest" errors="0" failures="0" skipped="0" tests="10" time="3.856" timestamp="2026-07-09T03:20:36.124627+00:00" hostname="agent-env-8505e8ec-9729-4903-ba17-efb4f30d8131"><testcase classname="backend.tests.test_task_schedule.TestScheduleTask" name="test_schedule_2_5_hours" time="0.605" /><testcase classname="backend.tests.test_task_schedule.TestScheduleTask" name="test_schedule_1_5_hours" time="0.105" /><testcase classname="backend.tests.test_task_schedule.TestScheduleTask" name="test_reschedule_updates_fields" time="0.221" /><testcase classname="backend.tests.test_task_schedule.TestScheduleValidation" name="test_duration_zero_returns_400" time="0.112" /><testcase classname="backend.tests.test_task_schedule.TestScheduleValidation" name="test_invalid_start_time_returns_400" time="0.116" /><testcase classname="backend.tests.test_task_schedule.TestScheduleAuth" name="test_client_cannot_schedule" time="0.440" /><testcase classname="backend.tests.test_task_schedule.TestScheduleAuth" name="test_provider_not_owner_of_task_returns_403" time="0.098" /><testcase classname="backend.tests.test_task_schedule.TestScheduleNotification" name="test_client_gets_task_scheduled_notification" time="1.262" /><testcase classname="backend.tests.test_task_schedule.TestByServiceDayOfWeek" name="test_availability_matches_iso_monday_index" time="0.412" /><testcase classname="backend.tests.test_task_schedule.TestByServiceBusyExclusion" name="test_provider_excluded_when_time_overlaps_confirmed_appointment" time="0.437" /></testsuite></testsuites>