<?xml version="1.0" encoding="utf-8"?><testsuites name="pytest tests"><testsuite name="pytest" errors="0" failures="0" skipped="0" tests="33" time="4.941" timestamp="2026-03-12T03:17:56.834404+00:00" hostname="agent-env-67068389-10c3-4aed-998a-0b26ca59347a"><testcase classname="backend.tests.test_spec_features.TestCommissionRulesAPI" name="test_get_commission_rules_empty" time="0.484" /><testcase classname="backend.tests.test_spec_features.TestCommissionRulesAPI" name="test_create_commission_rule" time="0.121" /><testcase classname="backend.tests.test_spec_features.TestCommissionRulesAPI" name="test_get_commission_rules_after_create" time="0.120" /><testcase classname="backend.tests.test_spec_features.TestCommissionRulesAPI" name="test_update_commission_rule" time="0.105" /><testcase classname="backend.tests.test_spec_features.TestCommissionRulesAPI" name="test_delete_commission_rule" time="0.217" /><testcase classname="backend.tests.test_spec_features.TestCommissionCalculation" name="test_calculate_commission" time="0.151" /><testcase classname="backend.tests.test_spec_features.TestCommissionCalculation" name="test_calculate_commission_with_category" time="0.130" /><testcase classname="backend.tests.test_spec_features.TestTaskerSearchAPI" name="test_search_taskers_basic" time="0.104" /><testcase classname="backend.tests.test_spec_features.TestTaskerSearchAPI" name="test_search_taskers_with_filters" time="0.111" /><testcase classname="backend.tests.test_spec_features.TestTaskerSearchAPI" name="test_search_taskers_verified_only" time="0.111" /><testcase classname="backend.tests.test_spec_features.TestTaskerSearchAPI" name="test_search_taskers_by_city" time="0.127" /><testcase classname="backend.tests.test_spec_features.TestTaskerSearchAPI" name="test_search_taskers_sort_by_rating" time="0.112" /><testcase classname="backend.tests.test_spec_features.TestCMSContentAPI" name="test_get_public_cms_content" time="0.115" /><testcase classname="backend.tests.test_spec_features.TestCMSContentAPI" name="test_create_cms_content" time="0.110" /><testcase classname="backend.tests.test_spec_features.TestCMSContentAPI" name="test_get_cms_content_by_slug" time="0.248" /><testcase classname="backend.tests.test_spec_features.TestCMSContentAPI" name="test_admin_get_all_cms_content" time="0.111" /><testcase classname="backend.tests.test_spec_features.TestCMSContentAPI" name="test_update_cms_content" time="0.118" /><testcase classname="backend.tests.test_spec_features.TestCMSContentAPI" name="test_delete_cms_content" time="0.105" /><testcase classname="backend.tests.test_spec_features.TestFAQAPI" name="test_get_public_faqs" time="0.124" /><testcase classname="backend.tests.test_spec_features.TestFAQAPI" name="test_create_faq" time="0.115" /><testcase classname="backend.tests.test_spec_features.TestFAQAPI" name="test_admin_get_all_faqs" time="0.129" /><testcase classname="backend.tests.test_spec_features.TestFAQAPI" name="test_update_faq" time="0.111" /><testcase classname="backend.tests.test_spec_features.TestFAQAPI" name="test_delete_faq" time="0.109" /><testcase classname="backend.tests.test_spec_features.TestPayoutAPI" name="test_get_pending_payouts" time="0.148" /><testcase classname="backend.tests.test_spec_features.TestPayoutAPI" name="test_get_my_payouts_as_provider" time="0.429" /><testcase classname="backend.tests.test_spec_features.TestPayoutAPI" name="test_get_payout_accounts" time="0.110" /><testcase classname="backend.tests.test_spec_features.TestRefundAPI" name="test_get_admin_refunds" time="0.106" /><testcase classname="backend.tests.test_spec_features.TestRefundAPI" name="test_get_refunds_by_status" time="0.115" /><testcase classname="backend.tests.test_spec_features.TestTaskerVerificationAPI" name="test_get_my_documents_as_provider" time="0.112" /><testcase classname="backend.tests.test_spec_features.TestTaskerVerificationAPI" name="test_get_pending_documents_admin" time="0.184" /><testcase classname="backend.tests.test_spec_features.TestTaskerVerificationAPI" name="test_upload_document" time="0.127" /><testcase classname="backend.tests.test_spec_features.TestEscrowAPI" name="test_get_escrow_status_nonexistent" time="0.120" /><testcase classname="backend.tests.test_spec_features.TestEscrowAPI" name="test_escrow_hold_no_booking" time="0.137" /></testsuite></testsuites>