<?xml version="1.0" encoding="utf-8"?><testsuites name="pytest tests"><testsuite name="pytest" errors="0" failures="0" skipped="0" tests="16" time="6.513" timestamp="2026-03-13T02:24:31.924720+00:00" hostname="agent-env-97d574f5-1aa8-49cb-9350-9906d028b2f1"><testcase classname="backend.tests.test_settings_features.TestPublicSettingsAPI" name="test_get_public_settings_no_auth_required" time="0.138" /><testcase classname="backend.tests.test_settings_features.TestPublicSettingsAPI" name="test_public_settings_language_fields" time="0.116" /><testcase classname="backend.tests.test_settings_features.TestPublicSettingsAPI" name="test_public_settings_payment_methods" time="0.112" /><testcase classname="backend.tests.test_settings_features.TestPublicSettingsAPI" name="test_public_settings_zelle_instructions_when_enabled" time="0.118" /><testcase classname="backend.tests.test_settings_features.TestPublicSettingsAPI" name="test_public_settings_venmo_instructions_when_enabled" time="0.141" /><testcase classname="backend.tests.test_settings_features.TestAdminSettingsAPI" name="test_get_admin_settings_requires_auth" time="0.118" /><testcase classname="backend.tests.test_settings_features.TestAdminSettingsAPI" name="test_get_admin_settings_with_auth" time="0.459" /><testcase classname="backend.tests.test_settings_features.TestAdminSettingsAPI" name="test_update_settings_requires_auth" time="0.104" /><testcase classname="backend.tests.test_settings_features.TestAdminSettingsAPI" name="test_update_language_settings" time="0.686" /><testcase classname="backend.tests.test_settings_features.TestAdminSettingsAPI" name="test_update_payment_methods_stripe" time="0.647" /><testcase classname="backend.tests.test_settings_features.TestAdminSettingsAPI" name="test_update_payment_methods_zelle" time="0.562" /><testcase classname="backend.tests.test_settings_features.TestAdminSettingsAPI" name="test_update_payment_methods_venmo" time="0.727" /><testcase classname="backend.tests.test_settings_features.TestAdminSettingsAPI" name="test_update_firebase_settings" time="0.717" /><testcase classname="backend.tests.test_settings_features.TestAdminSettingsAPI" name="test_update_all_settings_combined" time="0.691" /><testcase classname="backend.tests.test_settings_features.TestSettingsValidation" name="test_invalid_language_code_handled" time="0.592" /><testcase classname="backend.tests.test_settings_features.TestSettingsValidation" name="test_empty_available_languages_allowed" time="0.565" /></testsuite></testsuites>