<?xml version="1.0" encoding="utf-8"?><testsuites name="pytest tests"><testsuite name="pytest" errors="0" failures="0" skipped="0" tests="17" time="3.856" timestamp="2026-03-13T00:36:14.437952+00:00" hostname="agent-env-97d574f5-1aa8-49cb-9350-9906d028b2f1"><testcase classname="backend.tests.test_p0_features.TestNotificationsAPI" name="test_get_notifications_as_admin" time="0.496" /><testcase classname="backend.tests.test_p0_features.TestNotificationsAPI" name="test_get_notifications_as_provider" time="0.447" /><testcase classname="backend.tests.test_p0_features.TestNotificationsAPI" name="test_get_notifications_as_client" time="0.479" /><testcase classname="backend.tests.test_p0_features.TestNotificationsAPI" name="test_get_unread_count_as_admin" time="0.176" /><testcase classname="backend.tests.test_p0_features.TestNotificationsAPI" name="test_get_unread_count_as_provider" time="0.109" /><testcase classname="backend.tests.test_p0_features.TestNotificationsAPI" name="test_get_unread_count_as_client" time="0.123" /><testcase classname="backend.tests.test_p0_features.TestNotificationsAPI" name="test_mark_all_read" time="0.113" /><testcase classname="backend.tests.test_p0_features.TestNotificationsAPI" name="test_notifications_require_auth" time="0.156" /><testcase classname="backend.tests.test_p0_features.TestConversationsAPI" name="test_get_conversations_as_admin" time="0.103" /><testcase classname="backend.tests.test_p0_features.TestConversationsAPI" name="test_get_conversations_as_provider" time="0.099" /><testcase classname="backend.tests.test_p0_features.TestConversationsAPI" name="test_get_conversations_as_client" time="0.123" /><testcase classname="backend.tests.test_p0_features.TestConversationsAPI" name="test_conversations_require_auth" time="0.100" /><testcase classname="backend.tests.test_p0_features.TestMessagesAPI" name="test_get_messages_as_admin" time="0.132" /><testcase classname="backend.tests.test_p0_features.TestMessagesAPI" name="test_messages_require_auth" time="0.108" /><testcase classname="backend.tests.test_p0_features.TestUserCredentials" name="test_admin_login" time="0.363" /><testcase classname="backend.tests.test_p0_features.TestUserCredentials" name="test_provider_login" time="0.327" /><testcase classname="backend.tests.test_p0_features.TestUserCredentials" name="test_client_login" time="0.380" /></testsuite></testsuites>