<?xml version="1.0" encoding="utf-8"?><testsuites name="pytest tests"><testsuite name="pytest" errors="0" failures="1" skipped="0" tests="34" time="18.524" timestamp="2026-02-17T03:56:47.164129+00:00" hostname="agent-env-a73fe553-a74a-4d56-b5a1-500c46103f11"><testcase classname="backend.tests.test_handyhub_api.TestHealthAndConnectivity" name="test_health_check" time="0.243"><failure message="requests.exceptions.JSONDecodeError: Expecting value: line 1 column 1 (char 0)">/root/.venv/lib/python3.11/site-packages/requests/models.py:976: in json
    return complexjson.loads(self.text, **kwargs)
           ^^^^^^^^^^^^^^^^^^^^^^^^^^^^^^^^^^^^^^
/usr/local/lib/python3.11/json/__init__.py:346: in loads
    return _default_decoder.decode(s)
           ^^^^^^^^^^^^^^^^^^^^^^^^^^
/usr/local/lib/python3.11/json/decoder.py:337: in decode
    obj, end = self.raw_decode(s, idx=_w(s, 0).end())
               ^^^^^^^^^^^^^^^^^^^^^^^^^^^^^^^^^^^^^^
/usr/local/lib/python3.11/json/decoder.py:355: in raw_decode
    raise JSONDecodeError("Expecting value", s, err.value) from None
E   json.decoder.JSONDecodeError: Expecting value: line 1 column 1 (char 0)

During handling of the above exception, another exception occurred:
backend/tests/test_handyhub_api.py:27: in test_health_check
    data = response.json()
           ^^^^^^^^^^^^^^^
/root/.venv/lib/python3.11/site-packages/requests/models.py:980: in json
    raise RequestsJSONDecodeError(e.msg, e.doc, e.pos)
E   requests.exceptions.JSONDecodeError: Expecting value: line 1 column 1 (char 0)</failure></testcase><testcase classname="backend.tests.test_handyhub_api.TestHealthAndConnectivity" name="test_api_test_endpoint" time="0.122" /><testcase classname="backend.tests.test_handyhub_api.TestAuthentication" name="test_login_admin_success" time="0.400" /><testcase classname="backend.tests.test_handyhub_api.TestAuthentication" name="test_login_provider_success" time="0.401" /><testcase classname="backend.tests.test_handyhub_api.TestAuthentication" name="test_login_invalid_credentials" time="0.108" /><testcase classname="backend.tests.test_handyhub_api.TestAuthentication" name="test_google_auth_url" time="0.104" /><testcase classname="backend.tests.test_handyhub_api.TestExecutors" name="test_get_all_executors" time="0.620" /><testcase classname="backend.tests.test_handyhub_api.TestExecutors" name="test_get_available_executors" time="0.470" /><testcase classname="backend.tests.test_handyhub_api.TestExecutors" name="test_get_available_executors_with_filters" time="0.491" /><testcase classname="backend.tests.test_handyhub_api.TestExecutorProfile" name="test_get_executor_profile_by_id" time="1.037" /><testcase classname="backend.tests.test_handyhub_api.TestExecutorProfile" name="test_get_my_executor_profile" time="0.679" /><testcase classname="backend.tests.test_handyhub_api.TestExecutorProfile" name="test_create_or_update_executor_profile" time="0.508" /><testcase classname="backend.tests.test_handyhub_api.TestAvailability" name="test_get_executor_availability" time="0.509" /><testcase classname="backend.tests.test_handyhub_api.TestAvailability" name="test_get_my_availability" time="0.565" /><testcase classname="backend.tests.test_handyhub_api.TestAvailability" name="test_create_availability_slot" time="0.620" /><testcase classname="backend.tests.test_handyhub_api.TestUserProfile" name="test_update_user_profile" time="0.576" /><testcase classname="backend.tests.test_handyhub_api.TestUserProfile" name="test_update_user_picture" time="0.476" /><testcase classname="backend.tests.test_handyhub_api.TestAdminDashboard" name="test_get_admin_dashboard" time="0.525" /><testcase classname="backend.tests.test_handyhub_api.TestServices" name="test_get_services" time="0.106" /><testcase classname="backend.tests.test_handyhub_api.TestPricing" name="test_get_executor_pricing" time="0.645" /><testcase classname="backend.tests.test_new_features.TestLoginForTestUsers" name="test_login_provider_test_user" time="0.397" /><testcase classname="backend.tests.test_new_features.TestLoginForTestUsers" name="test_login_client_test_user" time="0.375" /><testcase classname="backend.tests.test_new_features.TestLoginForTestUsers" name="test_login_admin" time="0.359" /><testcase classname="backend.tests.test_new_features.TestLoginForTestUsers" name="test_login_invalid_credentials" time="0.353" /><testcase classname="backend.tests.test_new_features.TestPasswordRecovery" name="test_request_password_recovery" time="0.113" /><testcase classname="backend.tests.test_new_features.TestPasswordRecovery" name="test_verify_password_recovery_invalid_code" time="0.102" /><testcase classname="backend.tests.test_new_features.TestPasswordRecovery" name="test_full_password_recovery_flow" time="1.315" /><testcase classname="backend.tests.test_new_features.TestAdminPasswordReset" name="test_admin_view_password_hash" time="0.864" /><testcase classname="backend.tests.test_new_features.TestAdminPasswordReset" name="test_admin_reset_user_password" time="1.821" /><testcase classname="backend.tests.test_new_features.TestBookingReassignment" name="test_reassign_booking_endpoint_exists" time="1.035" /><testcase classname="backend.tests.test_new_features.TestProviderStats" name="test_get_provider_stats" time="0.455" /><testcase classname="backend.tests.test_new_features.TestProfilePhotoUpload" name="test_update_profile_photo" time="0.731" /><testcase classname="backend.tests.test_new_features.TestServicesWithGallery" name="test_create_service_enhanced" time="0.758" /><testcase classname="backend.tests.test_new_features.TestAdminUserManagement" name="test_get_users_list" time="0.524" /></testsuite></testsuites>