<?xml version="1.0" encoding="utf-8"?><testsuites name="pytest tests"><testsuite name="pytest" errors="0" failures="0" skipped="0" tests="18" time="4.061" timestamp="2026-03-13T01:47:56.367856+00:00" hostname="agent-env-97d574f5-1aa8-49cb-9350-9906d028b2f1"><testcase classname="backend.tests.test_p1_features.TestServiceZonesAPI" name="test_admin_get_service_zones" time="0.561" /><testcase classname="backend.tests.test_p1_features.TestServiceZonesAPI" name="test_get_active_service_zones_public" time="0.126" /><testcase classname="backend.tests.test_p1_features.TestServiceZonesAPI" name="test_admin_create_service_zone" time="0.132" /><testcase classname="backend.tests.test_p1_features.TestServiceZonesAPI" name="test_admin_update_service_zone" time="0.121" /><testcase classname="backend.tests.test_p1_features.TestServiceZonesAPI" name="test_admin_get_zone_after_update" time="0.138" /><testcase classname="backend.tests.test_p1_features.TestServiceZonesAPI" name="test_admin_get_zone_taskers" time="0.120" /><testcase classname="backend.tests.test_p1_features.TestServiceZonesAPI" name="test_service_zones_require_admin" time="0.501" /><testcase classname="backend.tests.test_p1_features.TestServiceZonesAPI" name="test_admin_delete_service_zone" time="0.239" /><testcase classname="backend.tests.test_p1_features.TestProviderInvoicesAPI" name="test_provider_get_invoices" time="0.118" /><testcase classname="backend.tests.test_p1_features.TestProviderInvoicesAPI" name="test_client_cannot_access_provider_invoices" time="0.508" /><testcase classname="backend.tests.test_p1_features.TestProviderInvoicesAPI" name="test_provider_create_invoice_requires_booking" time="0.119" /><testcase classname="backend.tests.test_p1_features.TestProviderInvoicesAPI" name="test_admin_can_access_provider_invoices" time="0.116" /><testcase classname="backend.tests.test_p1_features.TestProviderZoneOperations" name="test_provider_join_zone" time="0.353" /><testcase classname="backend.tests.test_p1_features.TestProviderZoneOperations" name="test_provider_leave_zone" time="0.384" /><testcase classname="backend.tests.test_p1_features.TestBookingsAPI" name="test_client_create_booking" time="0.122" /><testcase classname="backend.tests.test_p1_features.TestBookingsAPI" name="test_get_booking_after_create" time="0.123" /><testcase classname="backend.tests.test_p1_features.TestBookingsAPI" name="test_client_get_bookings" time="0.125" /><testcase classname="backend.tests.test_p1_features.TestCleanup" name="test_cleanup_test_zones" time="0.119" /></testsuite></testsuites>