<?xml version="1.0" encoding="utf-8"?><testsuites name="pytest tests"><testsuite name="pytest" errors="0" failures="1" skipped="0" tests="20" time="9.182" timestamp="2026-02-15T21:02:09.256135+00:00" hostname="agent-env-208c5cde-9ea6-431a-a166-3d7a1f5d46b4"><testcase classname="backend.tests.test_handyhub_api.TestHealthAndConnectivity" name="test_health_check" time="0.239"><failure message="requests.exceptions.JSONDecodeError: Expecting value: line 1 column 1 (char 0)">/root/.venv/lib/python3.11/site-packages/requests/models.py:976: in json
    return complexjson.loads(self.text, **kwargs)
           ^^^^^^^^^^^^^^^^^^^^^^^^^^^^^^^^^^^^^^
/usr/local/lib/python3.11/json/__init__.py:346: in loads
    return _default_decoder.decode(s)
           ^^^^^^^^^^^^^^^^^^^^^^^^^^
/usr/local/lib/python3.11/json/decoder.py:337: in decode
    obj, end = self.raw_decode(s, idx=_w(s, 0).end())
               ^^^^^^^^^^^^^^^^^^^^^^^^^^^^^^^^^^^^^^
/usr/local/lib/python3.11/json/decoder.py:355: in raw_decode
    raise JSONDecodeError("Expecting value", s, err.value) from None
E   json.decoder.JSONDecodeError: Expecting value: line 1 column 1 (char 0)

During handling of the above exception, another exception occurred:
backend/tests/test_handyhub_api.py:27: in test_health_check
    data = response.json()
           ^^^^^^^^^^^^^^^
/root/.venv/lib/python3.11/site-packages/requests/models.py:980: in json
    raise RequestsJSONDecodeError(e.msg, e.doc, e.pos)
E   requests.exceptions.JSONDecodeError: Expecting value: line 1 column 1 (char 0)</failure></testcase><testcase classname="backend.tests.test_handyhub_api.TestHealthAndConnectivity" name="test_api_test_endpoint" time="0.336" /><testcase classname="backend.tests.test_handyhub_api.TestAuthentication" name="test_login_admin_success" time="0.356" /><testcase classname="backend.tests.test_handyhub_api.TestAuthentication" name="test_login_provider_success" time="0.359" /><testcase classname="backend.tests.test_handyhub_api.TestAuthentication" name="test_login_invalid_credentials" time="0.114" /><testcase classname="backend.tests.test_handyhub_api.TestAuthentication" name="test_google_auth_url" time="0.151" /><testcase classname="backend.tests.test_handyhub_api.TestExecutors" name="test_get_all_executors" time="0.463" /><testcase classname="backend.tests.test_handyhub_api.TestExecutors" name="test_get_available_executors" time="0.560" /><testcase classname="backend.tests.test_handyhub_api.TestExecutors" name="test_get_available_executors_with_filters" time="0.509" /><testcase classname="backend.tests.test_handyhub_api.TestExecutorProfile" name="test_get_executor_profile_by_id" time="0.851" /><testcase classname="backend.tests.test_handyhub_api.TestExecutorProfile" name="test_get_my_executor_profile" time="0.506" /><testcase classname="backend.tests.test_handyhub_api.TestExecutorProfile" name="test_create_or_update_executor_profile" time="0.561" /><testcase classname="backend.tests.test_handyhub_api.TestAvailability" name="test_get_executor_availability" time="0.606" /><testcase classname="backend.tests.test_handyhub_api.TestAvailability" name="test_get_my_availability" time="0.540" /><testcase classname="backend.tests.test_handyhub_api.TestAvailability" name="test_create_availability_slot" time="0.574" /><testcase classname="backend.tests.test_handyhub_api.TestUserProfile" name="test_update_user_profile" time="0.622" /><testcase classname="backend.tests.test_handyhub_api.TestUserProfile" name="test_update_user_picture" time="0.438" /><testcase classname="backend.tests.test_handyhub_api.TestAdminDashboard" name="test_get_admin_dashboard" time="0.488" /><testcase classname="backend.tests.test_handyhub_api.TestServices" name="test_get_services" time="0.128" /><testcase classname="backend.tests.test_handyhub_api.TestPricing" name="test_get_executor_pricing" time="0.609" /></testsuite></testsuites>