<?xml version="1.0" encoding="utf-8"?><testsuites name="pytest tests"><testsuite name="pytest" errors="0" failures="0" skipped="0" tests="10" time="4.398" timestamp="2026-08-05T12:16:52.484644+00:00" hostname="agent-env-8505e8ec-9729-4903-ba17-efb4f30d8131"><testcase classname="backend.tests.test_provider_ranking" name="test_provider_ranking_requires_provider_role" time="1.099" /><testcase classname="backend.tests.test_provider_ranking" name="test_admin_adjust_requires_admin" time="0.481" /><testcase classname="backend.tests.test_provider_ranking" name="test_admin_ranking_unknown_user_404" time="0.261" /><testcase classname="backend.tests.test_provider_ranking" name="test_admin_adjust_hours_zero_422" time="0.127" /><testcase classname="backend.tests.test_provider_ranking" name="test_provider_ranking_shape" time="0.131" /><testcase classname="backend.tests.test_provider_ranking" name="test_admin_adjust_global_and_category_reflects_in_ranking" time="0.870" /><testcase classname="backend.tests.test_provider_ranking" name="test_executors_by_service_cleaning_includes_ranking" time="0.125" /><testcase classname="backend.tests.test_provider_ranking" name="test_multi_provider_ordering_and_hours_to_first" time="0.523" /><testcase classname="backend.tests.test_provider_ranking" name="test_provider_referral_bonus_and_idempotency" time="0.717" /><testcase classname="backend.tests.test_provider_ranking" name="test_zzz_cleanup" time="0.009" /></testsuite></testsuites>