<?xml version="1.0" encoding="utf-8"?><testsuites name="pytest tests"><testsuite name="pytest" errors="0" failures="0" skipped="0" tests="4" time="1.021" timestamp="2026-06-26T03:33:07.458053+00:00" hostname="agent-env-8505e8ec-9729-4903-ba17-efb4f30d8131"><testcase classname="backend.tests.test_register_duplicate_400" name="test_register_fresh_unique_email_returns_200" time="0.502" /><testcase classname="backend.tests.test_register_duplicate_400" name="test_register_duplicate_same_case_returns_400" time="0.136" /><testcase classname="backend.tests.test_register_duplicate_400" name="test_register_duplicate_uppercase_returns_400" time="0.142" /><testcase classname="backend.tests.test_register_duplicate_400" name="test_register_without_accepted_terms_returns_400" time="0.219" /></testsuite></testsuites>