<?xml version="1.0" encoding="utf-8"?><testsuites name="pytest tests"><testsuite name="pytest" errors="0" failures="0" skipped="0" tests="7" time="14.967" timestamp="2026-06-26T11:38:20.259491+00:00" hostname="agent-env-8505e8ec-9729-4903-ba17-efb4f30d8131"><testcase classname="backend.tests.test_resend_email_provider" name="test_put_integration_keys_saves_resend" time="0.521" /><testcase classname="backend.tests.test_resend_email_provider" name="test_get_integration_keys_masks_resend_key" time="0.108" /><testcase classname="backend.tests.test_resend_email_provider" name="test_switch_provider_to_sendgrid" time="0.210" /><testcase classname="backend.tests.test_resend_email_provider" name="test_switch_provider_back_to_resend" time="0.236" /><testcase classname="backend.tests.test_resend_email_provider" name="test_get_defaults_email_provider_to_resend_when_unset" time="0.659" /><testcase classname="backend.tests.test_resend_email_provider" name="test_register_owner_email_uses_resend" time="6.923" /><testcase classname="backend.tests.test_resend_email_provider" name="test_register_non_owner_email_still_200" time="6.271" /></testsuite></testsuites>