<?xml version="1.0" encoding="utf-8"?><testsuites name="pytest tests"><testsuite name="pytest" errors="0" failures="0" skipped="0" tests="14" time="9.649" timestamp="2026-06-26T03:04:21.052683+00:00" hostname="agent-env-8505e8ec-9729-4903-ba17-efb4f30d8131"><testcase classname="backend.tests.test_admin_role_change.TestAdminRoleChange" name="test_admin_login" time="0.495" /><testcase classname="backend.tests.test_admin_role_change.TestAdminRoleChange" name="test_change_role_to_support" time="1.093" /><testcase classname="backend.tests.test_admin_role_change.TestAdminRoleChange" name="test_change_role_to_moderator_grants_modules" time="0.695" /><testcase classname="backend.tests.test_admin_role_change.TestAdminRoleChange" name="test_change_role_to_admin_clears_modules" time="0.953" /><testcase classname="backend.tests.test_admin_role_change.TestAdminRoleChange" name="test_change_role_to_provider" time="0.842" /><testcase classname="backend.tests.test_admin_role_change.TestAdminRoleChange" name="test_change_role_to_client" time="0.544" /><testcase classname="backend.tests.test_admin_role_change.TestAdminRoleChange" name="test_invalid_role_returns_400" time="0.433" /><testcase classname="backend.tests.test_admin_role_change.TestAdminRoleChange" name="test_admin_cannot_change_own_role" time="0.120" /><testcase classname="backend.tests.test_admin_role_change.TestAdminRoleChange" name="test_non_admin_cannot_change_role" time="0.759" /><testcase classname="backend.tests.test_admin_role_change.TestAdminRoleChange" name="test_support_user_cannot_change_role" time="1.200" /><testcase classname="backend.tests.test_admin_role_change.TestSupportRequestsGating" name="test_support_can_list_support_requests" time="0.839" /><testcase classname="backend.tests.test_admin_role_change.TestSupportRequestsGating" name="test_support_can_update_support_request" time="0.859" /><testcase classname="backend.tests.test_admin_role_change.TestSupportRequestsGating" name="test_plain_client_forbidden_on_support_requests" time="0.663" /><testcase classname="backend.tests.test_admin_role_change.TestSupportRequestsGating" name="test_admin_can_list_support_requests" time="0.106" /></testsuite></testsuites>